[ERROR]2018/12/28 13:53:40 context.go:217: json: cannot unmarshal array into Go value of type struct { Format []*xlsx.Wps "orm:\"name(format)\" json:\"format\"" }
C:/Users/53598/go/pkg/mod/github.com/issue9/web@v0.16.4/context/error.go:30
C:/Users/53598/go/pkg/mod/github.com/issue9/web@v0.16.4/context/context.go:217
C:/myGo/path/src/github.com/xruida/export/modules/xlsx/route.go:51
C:/Go/src/net/http/server.go:1964
C:/Users/53598/go/pkg/mod/github.com/issue9/mux@v1.0.0/mux.go:213
C:/Users/53598/go/pkg/mod/github.com/issue9/middleware@v1.0.0/header/header.go:38
C:/Users/53598/go/pkg/mod/github.com/issue9/middleware@v1.0.0/recovery/recovery.go:63
C:/Go/src/net/http/server.go:1964
C:/Users/53598/go/pkg/mod/github.com/issue9/web@v0.16.4/internal/app/middlewares/middlewares.go:113
C:/Go/src/net/http/server.go:1964
C:/Go/src/net/http/server.go:2741
C:/Go/src/net/http/server.go:1847
C:/Go/src/runtime/asm_amd64.s:1333
[ERROR]2018/12/28 14:38:53 context.go:217: json: cannot unmarshal string into Go struct field Wps.column of type []int
C:/Users/53598/go/pkg/mod/github.com/issue9/web@v0.16.4/context/error.go:30
C:/Users/53598/go/pkg/mod/github.com/issue9/web@v0.16.4/context/context.go:217
C:/myGo/path/src/github.com/xruida/export/modules/xlsx/route.go:50
C:/Go/src/net/http/server.go:1964
C:/Users/53598/go/pkg/mod/github.com/issue9/mux@v1.0.0/mux.go:213
C:/Users/53598/go/pkg/mod/github.com/issue9/middleware@v1.0.0/header/header.go:38
C:/Users/53598/go/pkg/mod/github.com/issue9/middleware@v1.0.0/recovery/recovery.go:63
C:/Go/src/net/http/server.go:1964
C:/Users/53598/go/pkg/mod/github.com/issue9/web@v0.16.4/internal/app/middlewares/middlewares.go:113
C:/Go/src/net/http/server.go:1964
C:/Go/src/net/http/server.go:2741
C:/Go/src/net/http/server.go:1847
C:/Go/src/runtime/asm_amd64.s:1333
[ERROR]2018/12/28 14:43:54 context.go:217: json: cannot unmarshal array into Go value of type struct { Format []*xlsx.Wps "orm:\"name(format)\" json:\"format\"" }
C:/Users/53598/go/pkg/mod/github.com/issue9/web@v0.16.4/context/error.go:30
C:/Users/53598/go/pkg/mod/github.com/issue9/web@v0.16.4/context/context.go:217
C:/myGo/path/src/github.com/xruida/export/modules/xlsx/route.go:51
C:/Go/src/net/http/server.go:1964
C:/Users/53598/go/pkg/mod/github.com/issue9/mux@v1.0.0/mux.go:213
C:/Users/53598/go/pkg/mod/github.com/issue9/middleware@v1.0.0/header/header.go:38
C:/Users/53598/go/pkg/mod/github.com/issue9/middleware@v1.0.0/recovery/recovery.go:63
C:/Go/src/net/http/server.go:1964
C:/Users/53598/go/pkg/mod/github.com/issue9/web@v0.16.4/internal/app/middlewares/middlewares.go:113
C:/Go/src/net/http/server.go:1964
C:/Go/src/net/http/server.go:2741
C:/Go/src/net/http/server.go:1847
C:/Go/src/runtime/asm_amd64.s:1333
[ERROR]2018/12/28 14:45:54 context.go:217: json: cannot unmarshal number into Go value of type string
C:/Users/53598/go/pkg/mod/github.com/issue9/web@v0.16.4/context/error.go:30
C:/Users/53598/go/pkg/mod/github.com/issue9/web@v0.16.4/context/context.go:217
C:/myGo/path/src/github.com/xruida/export/modules/xlsx/route.go:51
C:/Go/src/net/http/server.go:1964
C:/Users/53598/go/pkg/mod/github.com/issue9/mux@v1.0.0/mux.go:213
C:/Users/53598/go/pkg/mod/github.com/issue9/middleware@v1.0.0/header/header.go:38
C:/Users/53598/go/pkg/mod/github.com/issue9/middleware@v1.0.0/recovery/recovery.go:63
C:/Go/src/net/http/server.go:1964
C:/Users/53598/go/pkg/mod/github.com/issue9/web@v0.16.4/internal/app/middlewares/middlewares.go:113
C:/Go/src/net/http/server.go:1964
C:/Go/src/net/http/server.go:2741
C:/Go/src/net/http/server.go:1847
C:/Go/src/runtime/asm_amd64.s:1333
[ERROR]2018/12/28 14:46:48 context.go:217: json: cannot unmarshal number into Go value of type string
C:/Users/53598/go/pkg/mod/github.com/issue9/web@v0.16.4/context/error.go:30
C:/Users/53598/go/pkg/mod/github.com/issue9/web@v0.16.4/context/context.go:217
C:/myGo/path/src/github.com/xruida/export/modules/xlsx/route.go:51
C:/Go/src/net/http/server.go:1964
C:/Users/53598/go/pkg/mod/github.com/issue9/mux@v1.0.0/mux.go:213
C:/Users/53598/go/pkg/mod/github.com/issue9/middleware@v1.0.0/header/header.go:38
C:/Users/53598/go/pkg/mod/github.com/issue9/middleware@v1.0.0/recovery/recovery.go:63
C:/Go/src/net/http/server.go:1964
C:/Users/53598/go/pkg/mod/github.com/issue9/web@v0.16.4/internal/app/middlewares/middlewares.go:113
C:/Go/src/net/http/server.go:1964
C:/Go/src/net/http/server.go:2741
C:/Go/src/net/http/server.go:1847
C:/Go/src/runtime/asm_amd64.s:1333
[ERROR]2018/12/28 14:52:13 context.go:217: json: cannot unmarshal number into Go value of type string
C:/Users/53598/go/pkg/mod/github.com/issue9/web@v0.16.4/context/error.go:30
C:/Users/53598/go/pkg/mod/github.com/issue9/web@v0.16.4/context/context.go:217
C:/myGo/path/src/github.com/xruida/export/modules/xlsx/route.go:51
C:/Go/src/net/http/server.go:1964
C:/Users/53598/go/pkg/mod/github.com/issue9/mux@v1.0.0/mux.go:213
C:/Users/53598/go/pkg/mod/github.com/issue9/middleware@v1.0.0/header/header.go:38
C:/Users/53598/go/pkg/mod/github.com/issue9/middleware@v1.0.0/recovery/recovery.go:63
C:/Go/src/net/http/server.go:1964
C:/Users/53598/go/pkg/mod/github.com/issue9/web@v0.16.4/internal/app/middlewares/middlewares.go:113
C:/Go/src/net/http/server.go:1964
C:/Go/src/net/http/server.go:2741
C:/Go/src/net/http/server.go:1847
C:/Go/src/runtime/asm_amd64.s:1333
[ERROR]2018/12/28 14:58:17 context.go:217: json: cannot unmarshal number into Go value of type string
C:/Users/53598/go/pkg/mod/github.com/issue9/web@v0.16.4/context/error.go:30
C:/Users/53598/go/pkg/mod/github.com/issue9/web@v0.16.4/context/context.go:217
C:/myGo/path/src/github.com/xruida/export/modules/xlsx/route.go:51
C:/Go/src/net/http/server.go:1964
C:/Users/53598/go/pkg/mod/github.com/issue9/mux@v1.0.0/mux.go:213
C:/Users/53598/go/pkg/mod/github.com/issue9/middleware@v1.0.0/header/header.go:38
C:/Users/53598/go/pkg/mod/github.com/issue9/middleware@v1.0.0/recovery/recovery.go:63
C:/Go/src/net/http/server.go:1964
C:/Users/53598/go/pkg/mod/github.com/issue9/web@v0.16.4/internal/app/middlewares/middlewares.go:113
C:/Go/src/net/http/server.go:1964
C:/Go/src/net/http/server.go:2741
C:/Go/src/net/http/server.go:1847
C:/Go/src/runtime/asm_amd64.s:1333
[ERROR]2018/12/28 15:01:36 context.go:217: json: cannot unmarshal number into Go value of type string
C:/Users/53598/go/pkg/mod/github.com/issue9/web@v0.16.4/context/error.go:30
C:/Users/53598/go/pkg/mod/github.com/issue9/web@v0.16.4/context/context.go:217
C:/myGo/path/src/github.com/xruida/export/modules/xlsx/route.go:51
C:/Go/src/net/http/server.go:1964
C:/Users/53598/go/pkg/mod/github.com/issue9/mux@v1.0.0/mux.go:213
C:/Users/53598/go/pkg/mod/github.com/issue9/middleware@v1.0.0/header/header.go:38
C:/Users/53598/go/pkg/mod/github.com/issue9/middleware@v1.0.0/recovery/recovery.go:63
C:/Go/src/net/http/server.go:1964
C:/Users/53598/go/pkg/mod/github.com/issue9/web@v0.16.4/internal/app/middlewares/middlewares.go:113
C:/Go/src/net/http/server.go:1964
C:/Go/src/net/http/server.go:2741
C:/Go/src/net/http/server.go:1847
C:/Go/src/runtime/asm_amd64.s:1333
[ERROR]2018/12/28 15:13:49 context.go:79: 报头 Accept 出错：mimetype 无效
[ERROR]2018/12/28 15:29:27 recovery.go:57: open name: The system cannot find the file specified.
C:/Go/src/runtime/asm_amd64.s:522
C:/Go/src/runtime/panic.go:513
C:/myGo/path/src/github.com/xruida/export/modules/xlsx/route.go:128
C:/Go/src/net/http/server.go:1964
C:/Users/53598/go/pkg/mod/github.com/issue9/mux@v1.0.0/mux.go:213
C:/Users/53598/go/pkg/mod/github.com/issue9/middleware@v1.0.0/header/header.go:38
C:/Users/53598/go/pkg/mod/github.com/issue9/middleware@v1.0.0/recovery/recovery.go:63
C:/Go/src/net/http/server.go:1964
C:/Users/53598/go/pkg/mod/github.com/issue9/web@v0.16.4/internal/app/middlewares/middlewares.go:113
C:/Go/src/net/http/server.go:1964
C:/Go/src/net/http/server.go:2741
C:/Go/src/net/http/server.go:1847
C:/Go/src/runtime/asm_amd64.s:1333

